<?xml version="1.0" encoding="UTF-8" ?>
<testsuite tests="6" failures="0" name="com.miniproject.authentication.registrationtest.RegistrationUnitTest" time="3.402" errors="0" skipped="0">
  <properties>
[...]
</properties>
  <testcase classname="com.miniproject.authentication.registrationtest.RegistrationUnitTest" name="simpleRegistration" time="0.7"/>
  <testcase classname="com.miniproject.authentication.registrationtest.RegistrationUnitTest" name="multipleRegistration" time="1.103"/>
  <testcase classname="com.miniproject.authentication.registrationtest.RegistrationUnitTest" name="avoidDoubleRegistrations" time="0.89"/>
  <testcase classname="com.miniproject.authentication.registrationtest.RegistrationUnitTest" name="userNotInitiallyRegistered" time="0.22"/>
  <testcase classname="com.miniproject.authentication.registrationtest.RegistrationUnitTest" name="avoidEmptyPassword" time="0.259"/>
  <testcase classname="com.miniproject.authentication.registrationtest.RegistrationUnitTest" name="avoidInvalidEMail" time="0.23"/>
</testsuite>