<?xml version="1.0" encoding="UTF-8" ?>
<testsuite tests="6" failures="0" name="com.miniproject.authentication.registrationtest.RegistrationUnitTest" time="3.88" errors="0" skipped="0">
  <properties>
[...]
</properties>
  <testcase classname="com.miniproject.authentication.registrationtest.RegistrationUnitTest" name="simpleRegistration" time="1.82"/>
  <testcase classname="com.miniproject.authentication.registrationtest.RegistrationUnitTest" name="multipleRegistration" time="0.889"/>
  <testcase classname="com.miniproject.authentication.registrationtest.RegistrationUnitTest" name="avoidDoubleRegistrations" time="0.676"/>
  <testcase classname="com.miniproject.authentication.registrationtest.RegistrationUnitTest" name="userNotInitiallyRegistered" time="0.169"/>
  <testcase classname="com.miniproject.authentication.registrationtest.RegistrationUnitTest" name="avoidEmptyPassword" time="0.16"/>
  <testcase classname="com.miniproject.authentication.registrationtest.RegistrationUnitTest" name="avoidInvalidEMail" time="0.166"/>
</testsuite>